This file contains any messages produced by compilers while
running configure, to aid debugging if configure makes a mistake.

It was created by configure, which was
generated by GNU Autoconf 2.69.  Invocation command line was

  $ ./configure 

## --------- ##
## Platform. ##
## --------- ##

hostname = zekamashi
uname -m = x86_64
uname -r = 3.13.0-142-generic
uname -s = Linux
uname -v = #191-Ubuntu SMP Fri Feb 2 12:13:35 UTC 2018

/usr/bin/uname -p = unknown
/bin/uname -X     = unknown

/bin/arch              = unknown
/usr/bin/arch -k       = unknown
/usr/convex/getsysinfo = unknown
/usr/bin/hostinfo      = unknown
/bin/machine           = unknown
/usr/bin/oslevel       = unknown
/bin/universe          = unknown

PATH: /home/taji/anaconda2/bin
PATH: /home/taji/bin
PATH: /usr/local/sbin
PATH: /usr/local/bin
PATH: /usr/sbin
PATH: /usr/bin
PATH: /sbin
PATH: /bin
PATH: /usr/games
PATH: /usr/local/games
PATH: /usr/lib/jvm/java-8-oracle/bin
PATH: /usr/lib/jvm/java-8-oracle/db/bin
PATH: /usr/lib/jvm/java-8-oracle/jre/bin
PATH: /home/taji/gasgano/bin
PATH: /home/taji/Reflex/install/bin


## ----------- ##
## Core tests. ##
## ----------- ##

configure:2383: checking build system type
configure:2397: result: x86_64-unknown-linux-gnu
configure:2417: checking host system type
configure:2430: result: x86_64-unknown-linux-gnu
configure:2450: checking target system type
configure:2463: result: x86_64-unknown-linux-gnu
configure:2507: checking for a BSD-compatible install
configure:2575: result: /usr/bin/install -c
configure:2586: checking whether build environment is sane
configure:2641: result: yes
configure:2679: WARNING: 'missing' script is too old or missing
configure:2792: checking for a thread-safe mkdir -p
configure:2831: result: /bin/mkdir -p
configure:2838: checking for gawk
configure:2854: found /usr/bin/gawk
configure:2865: result: gawk
configure:2876: checking whether make sets $(MAKE)
configure:2898: result: yes
configure:2927: checking whether make supports nested variables
configure:2944: result: yes
configure:3117: checking how to print strings
configure:3144: result: printf
configure:3177: checking for style of include used by make
configure:3205: result: GNU
configure:3276: checking for gcc
configure:3292: found /usr/bin/gcc
configure:3303: result: gcc
configure:3532: checking for C compiler version
configure:3541: gcc --version >&5
gcc (Ubuntu 4.8.4-2ubuntu1~14.04.4) 4.8.4
Copyright (C) 2013 Free Software Foundation, Inc.
This is free software; see the source for copying conditions.  There is NO
warranty; not even for MERCHANTABILITY or FITNESS FOR A PARTICULAR PURPOSE.

configure:3552: $? = 0
configure:3541: gcc -v >&5
Using built-in specs.
COLLECT_GCC=gcc
COLLECT_LTO_WRAPPER=/usr/lib/gcc/x86_64-linux-gnu/4.8/lto-wrapper
Target: x86_64-linux-gnu
Configured with: ../src/configure -v --with-pkgversion='Ubuntu 4.8.4-2ubuntu1~14.04.4' --with-bugurl=file:///usr/share/doc/gcc-4.8/README.Bugs --enable-languages=c,c++,java,go,d,fortran,objc,obj-c++ --prefix=/usr --program-suffix=-4.8 --enable-shared --enable-linker-build-id --libexecdir=/usr/lib --without-included-gettext --enable-threads=posix --with-gxx-include-dir=/usr/include/c++/4.8 --libdir=/usr/lib --enable-nls --with-sysroot=/ --enable-clocale=gnu --enable-libstdcxx-debug --enable-libstdcxx-time=yes --enable-gnu-unique-object --disable-libmudflap --enable-plugin --with-system-zlib --disable-browser-plugin --enable-java-awt=gtk --enable-gtk-cairo --with-java-home=/usr/lib/jvm/java-1.5.0-gcj-4.8-amd64/jre --enable-java-home --with-jvm-root-dir=/usr/lib/jvm/java-1.5.0-gcj-4.8-amd64 --with-jvm-jar-dir=/usr/lib/jvm-exports/java-1.5.0-gcj-4.8-amd64 --with-arch-directory=amd64 --with-ecj-jar=/usr/share/java/eclipse-ecj.jar --enable-objc-gc --enable-multiarch --disable-werror --with-arch-32=i686 --with-abi=m64 --with-multilib-list=m32,m64,mx32 --with-tune=generic --enable-checking=release --build=x86_64-linux-gnu --host=x86_64-linux-gnu --target=x86_64-linux-gnu
Thread model: posix
gcc version 4.8.4 (Ubuntu 4.8.4-2ubuntu1~14.04.4) 
configure:3552: $? = 0
configure:3541: gcc -V >&5
gcc: error: unrecognized command line option '-V'
gcc: fatal error: no input files
compilation terminated.
configure:3552: $? = 4
configure:3541: gcc -qversion >&5
gcc: error: unrecognized command line option '-qversion'
gcc: fatal error: no input files
compilation terminated.
configure:3552: $? = 4
configure:3572: checking whether the C compiler works
configure:3594: gcc    conftest.c  >&5
configure:3598: $? = 0
configure:3646: result: yes
configure:3649: checking for C compiler default output file name
configure:3651: result: a.out
configure:3657: checking for suffix of executables
configure:3664: gcc -o conftest    conftest.c  >&5
configure:3668: $? = 0
configure:3690: result: 
configure:3712: checking whether we are cross compiling
configure:3720: gcc -o conftest    conftest.c  >&5
configure:3724: $? = 0
configure:3731: ./conftest
configure:3735: $? = 0
configure:3750: result: no
configure:3755: checking for suffix of object files
configure:3777: gcc -c   conftest.c >&5
configure:3781: $? = 0
configure:3802: result: o
configure:3806: checking whether we are using the GNU C compiler
configure:3825: gcc -c   conftest.c >&5
configure:3825: $? = 0
configure:3834: result: yes
configure:3843: checking whether gcc accepts -g
configure:3863: gcc -c -g  conftest.c >&5
configure:3863: $? = 0
configure:3904: result: yes
configure:3921: checking for gcc option to accept ISO C89
configure:3984: gcc  -c -g -O2  conftest.c >&5
configure:3984: $? = 0
configure:3997: result: none needed
configure:4022: checking whether gcc understands -c and -o together
configure:4044: gcc -c conftest.c -o conftest2.o
configure:4047: $? = 0
configure:4044: gcc -c conftest.c -o conftest2.o
configure:4047: $? = 0
configure:4059: result: yes
configure:4078: checking dependency style of gcc
configure:4189: result: gcc3
configure:4204: checking for a sed that does not truncate output
configure:4268: result: /bin/sed
configure:4286: checking for grep that handles long lines and -e
configure:4344: result: /bin/grep
configure:4349: checking for egrep
configure:4411: result: /bin/grep -E
configure:4416: checking for fgrep
configure:4478: result: /bin/grep -F
configure:4513: checking for ld used by gcc
configure:4580: result: /usr/bin/ld
configure:4587: checking if the linker (/usr/bin/ld) is GNU ld
configure:4602: result: yes
configure:4614: checking for BSD- or MS-compatible name lister (nm)
configure:4663: result: /usr/bin/nm -B
configure:4793: checking the name lister (/usr/bin/nm -B) interface
configure:4800: gcc -c -g -O2  conftest.c >&5
configure:4803: /usr/bin/nm -B "conftest.o"
configure:4806: output
0000000000000000 B some_variable
configure:4813: result: BSD nm
configure:4816: checking whether ln -s works
configure:4820: result: yes
configure:4828: checking the maximum length of command line arguments
configure:4959: result: 1572864
configure:4976: checking whether the shell understands some XSI constructs
configure:4986: result: yes
configure:4990: checking whether the shell understands "+="
configure:4996: result: yes
configure:5031: checking how to convert x86_64-unknown-linux-gnu file names to x86_64-unknown-linux-gnu format
configure:5071: result: func_convert_file_noop
configure:5078: checking how to convert x86_64-unknown-linux-gnu file names to toolchain format
configure:5098: result: func_convert_file_noop
configure:5105: checking for /usr/bin/ld option to reload object files
configure:5112: result: -r
configure:5186: checking for objdump
configure:5202: found /usr/bin/objdump
configure:5213: result: objdump
configure:5245: checking how to recognize dependent libraries
configure:5443: result: pass_all
configure:5528: checking for dlltool
configure:5558: result: no
configure:5588: checking how to associate runtime and link libraries
configure:5615: result: printf %s\n
configure:5676: checking for ar
configure:5692: found /usr/bin/ar
configure:5703: result: ar
configure:5740: checking for archiver @FILE support
configure:5757: gcc -c -g -O2  conftest.c >&5
configure:5757: $? = 0
configure:5760: ar cru libconftest.a @conftest.lst >&5
configure:5763: $? = 0
configure:5768: ar cru libconftest.a @conftest.lst >&5
ar: conftest.o: No such file or directory
configure:5771: $? = 1
configure:5783: result: @
configure:5841: checking for strip
configure:5857: found /usr/bin/strip
configure:5868: result: strip
configure:5940: checking for ranlib
configure:5956: found /usr/bin/ranlib
configure:5967: result: ranlib
configure:6069: checking command to parse /usr/bin/nm -B output from gcc object
configure:6189: gcc -c -g -O2  conftest.c >&5
configure:6192: $? = 0
configure:6196: /usr/bin/nm -B conftest.o \| sed -n -e 's/^.*[ ]\([ABCDGIRSTW][ABCDGIRSTW]*\)[ ][ ]*\([_A-Za-z][_A-Za-z0-9]*\)$/\1 \2 \2/p' | sed '/ __gnu_lto/d' \> conftest.nm
configure:6199: $? = 0
configure:6265: gcc -o conftest -g -O2   conftest.c conftstm.o >&5
configure:6268: $? = 0
configure:6306: result: ok
configure:6343: checking for sysroot
configure:6373: result: no
configure:6450: gcc -c -g -O2  conftest.c >&5
configure:6453: $? = 0
configure:6642: checking for mt
configure:6658: found /bin/mt
configure:6669: result: mt
configure:6692: checking if mt is a manifest tool
configure:6698: mt '-?'
configure:6706: result: no
configure:7348: checking how to run the C preprocessor
configure:7379: gcc -E  conftest.c
configure:7379: $? = 0
configure:7393: gcc -E  conftest.c
conftest.c:9:28: fatal error: ac_nonexistent.h: No such file or directory
 #include <ac_nonexistent.h>
                            ^
compilation terminated.
configure:7393: $? = 1
configure: failed program was:
| /* confdefs.h */
| #define PACKAGE_NAME ""
| #define PACKAGE_TARNAME ""
| #define PACKAGE_VERSION ""
| #define PACKAGE_STRING ""
| #define PACKAGE_BUGREPORT ""
| #define PACKAGE_URL ""
| /* end confdefs.h.  */
| #include <ac_nonexistent.h>
configure:7418: result: gcc -E
configure:7438: gcc -E  conftest.c
configure:7438: $? = 0
configure:7452: gcc -E  conftest.c
conftest.c:9:28: fatal error: ac_nonexistent.h: No such file or directory
 #include <ac_nonexistent.h>
                            ^
compilation terminated.
configure:7452: $? = 1
configure: failed program was:
| /* confdefs.h */
| #define PACKAGE_NAME ""
| #define PACKAGE_TARNAME ""
| #define PACKAGE_VERSION ""
| #define PACKAGE_STRING ""
| #define PACKAGE_BUGREPORT ""
| #define PACKAGE_URL ""
| /* end confdefs.h.  */
| #include <ac_nonexistent.h>
configure:7481: checking for ANSI C header files
configure:7501: gcc -c -g -O2  conftest.c >&5
configure:7501: $? = 0
configure:7574: gcc -o conftest -g -O2   conftest.c  >&5
configure:7574: $? = 0
configure:7574: ./conftest
configure:7574: $? = 0
configure:7585: result: yes
configure:7598: checking for sys/types.h
configure:7598: gcc -c -g -O2  conftest.c >&5
configure:7598: $? = 0
configure:7598: result: yes
configure:7598: checking for sys/stat.h
configure:7598: gcc -c -g -O2  conftest.c >&5
configure:7598: $? = 0
configure:7598: result: yes
configure:7598: checking for stdlib.h
configure:7598: gcc -c -g -O2  conftest.c >&5
configure:7598: $? = 0
configure:7598: result: yes
configure:7598: checking for string.h
configure:7598: gcc -c -g -O2  conftest.c >&5
configure:7598: $? = 0
configure:7598: result: yes
configure:7598: checking for memory.h
configure:7598: gcc -c -g -O2  conftest.c >&5
configure:7598: $? = 0
configure:7598: result: yes
configure:7598: checking for strings.h
configure:7598: gcc -c -g -O2  conftest.c >&5
configure:7598: $? = 0
configure:7598: result: yes
configure:7598: checking for inttypes.h
configure:7598: gcc -c -g -O2  conftest.c >&5
configure:7598: $? = 0
configure:7598: result: yes
configure:7598: checking for stdint.h
configure:7598: gcc -c -g -O2  conftest.c >&5
configure:7598: $? = 0
configure:7598: result: yes
configure:7598: checking for unistd.h
configure:7598: gcc -c -g -O2  conftest.c >&5
configure:7598: $? = 0
configure:7598: result: yes
configure:7612: checking for dlfcn.h
configure:7612: gcc -c -g -O2  conftest.c >&5
configure:7612: $? = 0
configure:7612: result: yes
configure:7818: checking for objdir
configure:7833: result: .libs
configure:8100: checking if gcc supports -fno-rtti -fno-exceptions
configure:8118: gcc -c -g -O2  -fno-rtti -fno-exceptions conftest.c >&5
cc1: warning: command line option '-fno-rtti' is valid for C++/ObjC++ but not for C [enabled by default]
configure:8122: $? = 0
configure:8135: result: no
configure:8462: checking for gcc option to produce PIC
configure:8469: result: -fPIC -DPIC
configure:8477: checking if gcc PIC flag -fPIC -DPIC works
configure:8495: gcc -c -g -O2  -fPIC -DPIC -DPIC conftest.c >&5
configure:8499: $? = 0
configure:8512: result: yes
configure:8541: checking if gcc static flag -static works
configure:8569: result: yes
configure:8584: checking if gcc supports -c -o file.o
configure:8605: gcc -c -g -O2  -o out/conftest2.o conftest.c >&5
configure:8609: $? = 0
configure:8631: result: yes
configure:8639: checking if gcc supports -c -o file.o
configure:8686: result: yes
configure:8719: checking whether the gcc linker (/usr/bin/ld -m elf_x86_64) supports shared libraries
configure:9876: result: yes
configure:9913: checking whether -lc should be explicitly linked in
configure:9921: gcc -c -g -O2  conftest.c >&5
configure:9924: $? = 0
configure:9939: gcc -shared  -fPIC -DPIC conftest.o  -v -Wl,-soname -Wl,conftest -o conftest 2\>\&1 \| /bin/grep  -lc  \>/dev/null 2\>\&1
configure:9942: $? = 0
configure:9956: result: no
configure:10116: checking dynamic linker characteristics
configure:10616: gcc -o conftest -g -O2   -Wl,-rpath -Wl,/foo conftest.c  >&5
configure:10616: $? = 0
configure:10850: result: GNU/Linux ld.so
configure:10957: checking how to hardcode library paths into programs
configure:10982: result: immediate
configure:11522: checking whether stripping libraries is possible
configure:11527: result: yes
configure:11562: checking if libtool supports shared libraries
configure:11564: result: yes
configure:11567: checking whether to build shared libraries
configure:11588: result: yes
configure:11591: checking whether to build static libraries
configure:11595: result: yes
configure:11680: checking for gcc
configure:11707: result: gcc
configure:11936: checking for C compiler version
configure:11945: gcc --version >&5
gcc (Ubuntu 4.8.4-2ubuntu1~14.04.4) 4.8.4
Copyright (C) 2013 Free Software Foundation, Inc.
This is free software; see the source for copying conditions.  There is NO
warranty; not even for MERCHANTABILITY or FITNESS FOR A PARTICULAR PURPOSE.

configure:11956: $? = 0
configure:11945: gcc -v >&5
Using built-in specs.
COLLECT_GCC=gcc
COLLECT_LTO_WRAPPER=/usr/lib/gcc/x86_64-linux-gnu/4.8/lto-wrapper
Target: x86_64-linux-gnu
Configured with: ../src/configure -v --with-pkgversion='Ubuntu 4.8.4-2ubuntu1~14.04.4' --with-bugurl=file:///usr/share/doc/gcc-4.8/README.Bugs --enable-languages=c,c++,java,go,d,fortran,objc,obj-c++ --prefix=/usr --program-suffix=-4.8 --enable-shared --enable-linker-build-id --libexecdir=/usr/lib --without-included-gettext --enable-threads=posix --with-gxx-include-dir=/usr/include/c++/4.8 --libdir=/usr/lib --enable-nls --with-sysroot=/ --enable-clocale=gnu --enable-libstdcxx-debug --enable-libstdcxx-time=yes --enable-gnu-unique-object --disable-libmudflap --enable-plugin --with-system-zlib --disable-browser-plugin --enable-java-awt=gtk --enable-gtk-cairo --with-java-home=/usr/lib/jvm/java-1.5.0-gcj-4.8-amd64/jre --enable-java-home --with-jvm-root-dir=/usr/lib/jvm/java-1.5.0-gcj-4.8-amd64 --with-jvm-jar-dir=/usr/lib/jvm-exports/java-1.5.0-gcj-4.8-amd64 --with-arch-directory=amd64 --with-ecj-jar=/usr/share/java/eclipse-ecj.jar --enable-objc-gc --enable-multiarch --disable-werror --with-arch-32=i686 --with-abi=m64 --with-multilib-list=m32,m64,mx32 --with-tune=generic --enable-checking=release --build=x86_64-linux-gnu --host=x86_64-linux-gnu --target=x86_64-linux-gnu
Thread model: posix
gcc version 4.8.4 (Ubuntu 4.8.4-2ubuntu1~14.04.4) 
configure:11956: $? = 0
configure:11945: gcc -V >&5
gcc: error: unrecognized command line option '-V'
gcc: fatal error: no input files
compilation terminated.
configure:11956: $? = 4
configure:11945: gcc -qversion >&5
gcc: error: unrecognized command line option '-qversion'
gcc: fatal error: no input files
compilation terminated.
configure:11956: $? = 4
configure:11960: checking whether we are using the GNU C compiler
configure:11988: result: yes
configure:11997: checking whether gcc accepts -g
configure:12058: result: yes
configure:12075: checking for gcc option to accept ISO C89
configure:12151: result: none needed
configure:12176: checking whether gcc understands -c and -o together
configure:12213: result: yes
configure:12232: checking dependency style of gcc
configure:12343: result: gcc3
configure:12359: checking whether make sets $(MAKE)
configure:12381: result: yes
configure:12393: checking for windres
configure:12423: result: no
configure:12439: checking for size_t
configure:12439: gcc -c -g -O2  conftest.c >&5
configure:12439: $? = 0
configure:12439: gcc -c -g -O2  conftest.c >&5
conftest.c: In function 'main':
conftest.c:57:21: error: expected expression before ')' token
 if (sizeof ((size_t)))
                     ^
configure:12439: $? = 1
configure: failed program was:
| /* confdefs.h */
| #define PACKAGE_NAME ""
| #define PACKAGE_TARNAME ""
| #define PACKAGE_VERSION ""
| #define PACKAGE_STRING ""
| #define PACKAGE_BUGREPORT ""
| #define PACKAGE_URL ""
| #define STDC_HEADERS 1
| #define HAVE_SYS_TYPES_H 1
| #define HAVE_SYS_STAT_H 1
| #define HAVE_STDLIB_H 1
| #define HAVE_STRING_H 1
| #define HAVE_MEMORY_H 1
| #define HAVE_STRINGS_H 1
| #define HAVE_INTTYPES_H 1
| #define HAVE_STDINT_H 1
| #define HAVE_UNISTD_H 1
| #define HAVE_DLFCN_H 1
| #define LT_OBJDIR ".libs/"
| /* end confdefs.h.  */
| #include <stdio.h>
| #ifdef HAVE_SYS_TYPES_H
| # include <sys/types.h>
| #endif
| #ifdef HAVE_SYS_STAT_H
| # include <sys/stat.h>
| #endif
| #ifdef STDC_HEADERS
| # include <stdlib.h>
| # include <stddef.h>
| #else
| # ifdef HAVE_STDLIB_H
| #  include <stdlib.h>
| # endif
| #endif
| #ifdef HAVE_STRING_H
| # if !defined STDC_HEADERS && defined HAVE_MEMORY_H
| #  include <memory.h>
| # endif
| # include <string.h>
| #endif
| #ifdef HAVE_STRINGS_H
| # include <strings.h>
| #endif
| #ifdef HAVE_INTTYPES_H
| # include <inttypes.h>
| #endif
| #ifdef HAVE_STDINT_H
| # include <stdint.h>
| #endif
| #ifdef HAVE_UNISTD_H
| # include <unistd.h>
| #endif
| int
| main ()
| {
| if (sizeof ((size_t)))
| 	    return 0;
|   ;
|   return 0;
| }
configure:12439: result: yes
configure:12452: checking for working alloca.h
configure:12469: gcc -o conftest -g -O2   conftest.c  >&5
configure:12469: $? = 0
configure:12477: result: yes
configure:12485: checking for alloca
configure:12522: gcc -o conftest -g -O2   conftest.c  >&5
configure:12522: $? = 0
configure:12530: result: yes
configure:12639: checking for dirent.h that defines DIR
configure:12658: gcc -c -g -O2  conftest.c >&5
configure:12658: $? = 0
configure:12666: result: yes
configure:12679: checking for library containing opendir
configure:12710: gcc -o conftest -g -O2   conftest.c  >&5
configure:12710: $? = 0
configure:12727: result: none required
configure:12794: checking for ANSI C header files
configure:12898: result: yes
configure:12906: checking for sys/wait.h that is POSIX.1 compatible
configure:12932: gcc -c -g -O2  conftest.c >&5
configure:12932: $? = 0
configure:12939: result: yes
configure:12950: checking pwd.h usability
configure:12950: gcc -c -g -O2  conftest.c >&5
configure:12950: $? = 0
configure:12950: result: yes
configure:12950: checking pwd.h presence
configure:12950: gcc -E  conftest.c
configure:12950: $? = 0
configure:12950: result: yes
configure:12950: checking for pwd.h
configure:12950: result: yes
configure:12950: checking sys/utsname.h usability
configure:12950: gcc -c -g -O2  conftest.c >&5
configure:12950: $? = 0
configure:12950: result: yes
configure:12950: checking sys/utsname.h presence
configure:12950: gcc -E  conftest.c
configure:12950: $? = 0
configure:12950: result: yes
configure:12950: checking for sys/utsname.h
configure:12950: result: yes
configure:12963: checking errno.h usability
configure:12963: gcc -c -g -O2  conftest.c >&5
configure:12963: $? = 0
configure:12963: result: yes
configure:12963: checking errno.h presence
configure:12963: gcc -E  conftest.c
configure:12963: $? = 0
configure:12963: result: yes
configure:12963: checking for errno.h
configure:12963: result: yes
configure:12963: checking fcntl.h usability
configure:12963: gcc -c -g -O2  conftest.c >&5
configure:12963: $? = 0
configure:12963: result: yes
configure:12963: checking fcntl.h presence
configure:12963: gcc -E  conftest.c
configure:12963: $? = 0
configure:12963: result: yes
configure:12963: checking for fcntl.h
configure:12963: result: yes
configure:12963: checking stdio.h usability
configure:12963: gcc -c -g -O2  conftest.c >&5
configure:12963: $? = 0
configure:12963: result: yes
configure:12963: checking stdio.h presence
configure:12963: gcc -E  conftest.c
configure:12963: $? = 0
configure:12963: result: yes
configure:12963: checking for stdio.h
configure:12963: result: yes
configure:12963: checking for stdlib.h
configure:12963: result: yes
configure:12963: checking for unistd.h
configure:12963: result: yes
configure:12963: checking sys/uio.h usability
configure:12963: gcc -c -g -O2  conftest.c >&5
configure:12963: $? = 0
configure:12963: result: yes
configure:12963: checking sys/uio.h presence
configure:12963: gcc -E  conftest.c
configure:12963: $? = 0
configure:12963: result: yes
configure:12963: checking for sys/uio.h
configure:12963: result: yes
configure:12976: checking sys/select.h usability
configure:12976: gcc -c -g -O2  conftest.c >&5
configure:12976: $? = 0
configure:12976: result: yes
configure:12976: checking sys/select.h presence
configure:12976: gcc -E  conftest.c
configure:12976: $? = 0
configure:12976: result: yes
configure:12976: checking for sys/select.h
configure:12976: result: yes
configure:12976: checking sys/socket.h usability
configure:12976: gcc -c -g -O2  conftest.c >&5
configure:12976: $? = 0
configure:12976: result: yes
configure:12976: checking sys/socket.h presence
configure:12976: gcc -E  conftest.c
configure:12976: $? = 0
configure:12976: result: yes
configure:12976: checking for sys/socket.h
configure:12976: result: yes
configure:12976: checking sys/ioctl.h usability
configure:12976: gcc -c -g -O2  conftest.c >&5
configure:12976: $? = 0
configure:12976: result: yes
configure:12976: checking sys/ioctl.h presence
configure:12976: gcc -E  conftest.c
configure:12976: $? = 0
configure:12976: result: yes
configure:12976: checking for sys/ioctl.h
configure:12976: result: yes
configure:12976: checking sys/time.h usability
configure:12976: gcc -c -g -O2  conftest.c >&5
configure:12976: $? = 0
configure:12976: result: yes
configure:12976: checking sys/time.h presence
configure:12976: gcc -E  conftest.c
configure:12976: $? = 0
configure:12976: result: yes
configure:12976: checking for sys/time.h
configure:12976: result: yes
configure:12989: checking arpa/inet.h usability
configure:12989: gcc -c -g -O2  conftest.c >&5
configure:12989: $? = 0
configure:12989: result: yes
configure:12989: checking arpa/inet.h presence
configure:12989: gcc -E  conftest.c
configure:12989: $? = 0
configure:12989: result: yes
configure:12989: checking for arpa/inet.h
configure:12989: result: yes
configure:12989: checking netinet/in.h usability
configure:12989: gcc -c -g -O2  conftest.c >&5
configure:12989: $? = 0
configure:12989: result: yes
configure:12989: checking netinet/in.h presence
configure:12989: gcc -E  conftest.c
configure:12989: $? = 0
configure:12989: result: yes
configure:12989: checking for netinet/in.h
configure:12989: result: yes
configure:13001: checking sys/un.h usability
configure:13001: gcc -c -g -O2  conftest.c >&5
configure:13001: $? = 0
configure:13001: result: yes
configure:13001: checking sys/un.h presence
configure:13001: gcc -E  conftest.c
configure:13001: $? = 0
configure:13001: result: yes
configure:13001: checking for sys/un.h
configure:13001: result: yes
configure:13143: checking for pkg-config
configure:13161: found /usr/bin/pkg-config
configure:13173: result: /usr/bin/pkg-config
configure:13198: checking pkg-config is at least version 0.16
configure:13201: result: yes
configure:13218: checking for GLIB - version >= 2.24.0
configure:13330: gcc -o conftest -g -O2 -pthread -I/usr/include/glib-2.0 -I/usr/lib/x86_64-linux-gnu/glib-2.0/include     conftest.c -pthread -lgthread-2.0 -lgobject-2.0 -lglib-2.0    >&5
configure:13330: $? = 0
configure:13330: ./conftest
configure:13330: $? = 0
configure:13344: result: yes (version 2.40.2)
configure:13448: checking for pkg-config
configure:13479: result: /usr/bin/pkg-config
configure:13501: checking for GTK+ - version >= 2.24.0
configure:13611: gcc -o conftest -g -O2 -pthread -I/usr/include/gtk-2.0 -I/usr/lib/x86_64-linux-gnu/gtk-2.0/include -I/usr/include/atk-1.0 -I/usr/include/cairo -I/usr/include/gdk-pixbuf-2.0 -I/usr/include/pango-1.0 -I/usr/include/gio-unix-2.0/ -I/usr/include/freetype2 -I/usr/include/glib-2.0 -I/usr/lib/x86_64-linux-gnu/glib-2.0/include -I/usr/include/pixman-1 -I/usr/include/libpng12 -I/usr/include/harfbuzz     conftest.c -pthread -lgtk-x11-2.0 -lgdk-x11-2.0 -latk-1.0 -lgio-2.0 -lpangoft2-1.0 -lpangocairo-1.0 -lgdk_pixbuf-2.0 -lcairo -lpango-1.0 -lfontconfig -lgobject-2.0 -lfreetype -lgthread-2.0 -lglib-2.0    >&5
configure:13611: $? = 0
configure:13611: ./conftest
configure:13611: $? = 0
configure:13625: result: yes (version 2.24.23)
configure:13695: checking for library containing cos
configure:13726: gcc -o conftest -g -O2   conftest.c  >&5
conftest.c:49:6: warning: conflicting types for built-in function 'cos' [enabled by default]
 char cos ();
      ^
/tmp/ccUo8hnc.o: In function `main':
/home/taji/tmp/hoe/conftest.c:53: undefined reference to `cos'
collect2: error: ld returned 1 exit status
configure:13726: $? = 1
configure: failed program was:
| /* confdefs.h */
| #define PACKAGE_NAME ""
| #define PACKAGE_TARNAME ""
| #define PACKAGE_VERSION ""
| #define PACKAGE_STRING ""
| #define PACKAGE_BUGREPORT ""
| #define PACKAGE_URL ""
| #define STDC_HEADERS 1
| #define HAVE_SYS_TYPES_H 1
| #define HAVE_SYS_STAT_H 1
| #define HAVE_STDLIB_H 1
| #define HAVE_STRING_H 1
| #define HAVE_MEMORY_H 1
| #define HAVE_STRINGS_H 1
| #define HAVE_INTTYPES_H 1
| #define HAVE_STDINT_H 1
| #define HAVE_UNISTD_H 1
| #define HAVE_DLFCN_H 1
| #define LT_OBJDIR ".libs/"
| #define HAVE_ALLOCA_H 1
| #define HAVE_ALLOCA 1
| #define HAVE_DIRENT_H 1
| #define STDC_HEADERS 1
| #define HAVE_SYS_WAIT_H 1
| #define HAVE_PWD_H 1
| #define HAVE_SYS_UTSNAME_H 1
| #define HAVE_ERRNO_H 1
| #define HAVE_FCNTL_H 1
| #define HAVE_STDIO_H 1
| #define HAVE_STDLIB_H 1
| #define HAVE_UNISTD_H 1
| #define HAVE_SYS_UIO_H 1
| #define HAVE_SYS_SELECT_H 1
| #define HAVE_SYS_SOCKET_H 1
| #define HAVE_SYS_IOCTL_H 1
| #define HAVE_SYS_TIME_H 1
| #define HAVE_ARPA_INET_H 1
| #define HAVE_NETINET_IN_H 1
| #define HAVE_SYS_UN_H 1
| #define USE_GTK2 /**/
| /* end confdefs.h.  */
| 
| /* Override any GCC internal prototype to avoid an error.
|    Use char because int might match the return type of a GCC
|    builtin and then its argument prototype would still apply.  */
| #ifdef __cplusplus
| extern "C"
| #endif
| char cos ();
| int
| main ()
| {
| return cos ();
|   ;
|   return 0;
| }
configure:13726: gcc -o conftest -g -O2   conftest.c -lm   >&5
conftest.c:49:6: warning: conflicting types for built-in function 'cos' [enabled by default]
 char cos ();
      ^
configure:13726: $? = 0
configure:13743: result: -lm
configure:13756: checking for glib-compile-resources
configure:13786: result: /usr/lib/x86_64-linux-gnu/glib-2.0/glib-compile-resources
configure:13839: checking for OPENSSL
configure:13846: $PKG_CONFIG --exists --print-errors "openssl"
configure:13849: $? = 0
configure:13863: $PKG_CONFIG --exists --print-errors "openssl"
configure:13866: $? = 0
configure:13904: result: yes
configure:13911: checking if openssl is available
configure:13913: result: yes
configure:13924: checking for LIBSSH2
configure:13931: $PKG_CONFIG --exists --print-errors "libssh2"
configure:13934: $? = 0
configure:13948: $PKG_CONFIG --exists --print-errors "libssh2"
configure:13951: $? = 0
configure:13989: result: yes
configure:13996: checking if libssh2 is available
configure:13998: result: yes
configure:14070: checking for xml2-config
configure:14088: found /home/taji/anaconda2/bin/xml2-config
configure:14101: result: /home/taji/anaconda2/bin/xml2-config
configure:14110: checking for libxml - version >= 2.2.6
configure:14212: gcc -o conftest -g -O2      -I/home/taji/anaconda2/include/libxml2  conftest.c -L/home/taji/anaconda2/lib -lxml2 -lz -lm -ldl -lm  -lssl -lcrypto   -Wl,-Bsymbolic-functions -Wl,-z,relro -lssh2 -lgcrypt   >&5
conftest.c: In function 'main':
conftest.c:56:9: warning: ignoring return value of 'system', declared with attribute warn_unused_result [-Wunused-result]
   system("touch conf.xmltest");
         ^
configure:14212: $? = 0
configure:14212: ./conftest
configure:14212: $? = 0
configure:14227: result: yes (version 2.9.2)
configure:14293: checking for JSONC
configure:14300: $PKG_CONFIG --exists --print-errors "json-c"
configure:14303: $? = 0
configure:14317: $PKG_CONFIG --exists --print-errors "json-c"
configure:14320: $? = 0
configure:14358: result: yes
configure:14365: checking if json-c is available
configure:14367: result: yes
configure:14486: checking that generated files are newer than configure
configure:14492: result: done
configure:14527: creating ./config.status

## ---------------------- ##
## Running config.status. ##
## ---------------------- ##

This file was extended by config.status, which was
generated by GNU Autoconf 2.69.  Invocation command line was

  CONFIG_FILES    = 
  CONFIG_HEADERS  = 
  CONFIG_LINKS    = 
  CONFIG_COMMANDS = 
  $ ./config.status 

on zekamashi

config.status:1149: creating Makefile
config.status:1149: creating version.h
config.status:1149: creating hoe_res.rc
config.status:1149: creating libnova/Makefile
config.status:1149: creating icons/Makefile
config.status:1149: creating config.h
config.status:1149: creating libssh2_config.h
config.status:1378: executing depfiles commands
config.status:1378: executing libtool commands

## ---------------- ##
## Cache variables. ##
## ---------------- ##

ac_cv_build=x86_64-unknown-linux-gnu
ac_cv_c_compiler_gnu=yes
ac_cv_env_CC_set=
ac_cv_env_CC_value=
ac_cv_env_CFLAGS_set=
ac_cv_env_CFLAGS_value=
ac_cv_env_CPPFLAGS_set=
ac_cv_env_CPPFLAGS_value=
ac_cv_env_CPP_set=
ac_cv_env_CPP_value=
ac_cv_env_JSONC_CFLAGS_set=
ac_cv_env_JSONC_CFLAGS_value=
ac_cv_env_JSONC_LIBS_set=
ac_cv_env_JSONC_LIBS_value=
ac_cv_env_LDFLAGS_set=
ac_cv_env_LDFLAGS_value=
ac_cv_env_LIBSSH2_CFLAGS_set=
ac_cv_env_LIBSSH2_CFLAGS_value=
ac_cv_env_LIBSSH2_LIBS_set=
ac_cv_env_LIBSSH2_LIBS_value=
ac_cv_env_LIBS_set=
ac_cv_env_LIBS_value=
ac_cv_env_OPENSSL_CFLAGS_set=
ac_cv_env_OPENSSL_CFLAGS_value=
ac_cv_env_OPENSSL_LIBS_set=
ac_cv_env_OPENSSL_LIBS_value=
ac_cv_env_PKG_CONFIG_LIBDIR_set=
ac_cv_env_PKG_CONFIG_LIBDIR_value=
ac_cv_env_PKG_CONFIG_PATH_set=
ac_cv_env_PKG_CONFIG_PATH_value=
ac_cv_env_PKG_CONFIG_set=
ac_cv_env_PKG_CONFIG_value=
ac_cv_env_build_alias_set=
ac_cv_env_build_alias_value=
ac_cv_env_host_alias_set=
ac_cv_env_host_alias_value=
ac_cv_env_target_alias_set=
ac_cv_env_target_alias_value=
ac_cv_func_alloca_works=yes
ac_cv_header_arpa_inet_h=yes
ac_cv_header_dirent_dirent_h=yes
ac_cv_header_dlfcn_h=yes
ac_cv_header_errno_h=yes
ac_cv_header_fcntl_h=yes
ac_cv_header_inttypes_h=yes
ac_cv_header_memory_h=yes
ac_cv_header_netinet_in_h=yes
ac_cv_header_pwd_h=yes
ac_cv_header_stdc=yes
ac_cv_header_stdint_h=yes
ac_cv_header_stdio_h=yes
ac_cv_header_stdlib_h=yes
ac_cv_header_string_h=yes
ac_cv_header_strings_h=yes
ac_cv_header_sys_ioctl_h=yes
ac_cv_header_sys_select_h=yes
ac_cv_header_sys_socket_h=yes
ac_cv_header_sys_stat_h=yes
ac_cv_header_sys_time_h=yes
ac_cv_header_sys_types_h=yes
ac_cv_header_sys_uio_h=yes
ac_cv_header_sys_un_h=yes
ac_cv_header_sys_utsname_h=yes
ac_cv_header_sys_wait_h=yes
ac_cv_header_unistd_h=yes
ac_cv_host=x86_64-unknown-linux-gnu
ac_cv_objext=o
ac_cv_path_EGREP='/bin/grep -E'
ac_cv_path_FGREP='/bin/grep -F'
ac_cv_path_GLIB_COMPILE_RESOURCES=/usr/lib/x86_64-linux-gnu/glib-2.0/glib-compile-resources
ac_cv_path_GREP=/bin/grep
ac_cv_path_PKG_CONFIG=/usr/bin/pkg-config
ac_cv_path_SED=/bin/sed
ac_cv_path_XML2_CONFIG=/home/taji/anaconda2/bin/xml2-config
ac_cv_path_ac_pt_PKG_CONFIG=/usr/bin/pkg-config
ac_cv_path_install='/usr/bin/install -c'
ac_cv_path_mkdir=/bin/mkdir
ac_cv_prog_AWK=gawk
ac_cv_prog_CPP='gcc -E'
ac_cv_prog_ac_ct_AR=ar
ac_cv_prog_ac_ct_CC=gcc
ac_cv_prog_ac_ct_MANIFEST_TOOL=mt
ac_cv_prog_ac_ct_OBJDUMP=objdump
ac_cv_prog_ac_ct_RANLIB=ranlib
ac_cv_prog_ac_ct_STRIP=strip
ac_cv_prog_cc_c89=
ac_cv_prog_cc_g=yes
ac_cv_prog_make_make_set=yes
ac_cv_search_cos=-lm
ac_cv_search_opendir='none required'
ac_cv_target=x86_64-unknown-linux-gnu
ac_cv_type_size_t=yes
ac_cv_working_alloca_h=yes
am_cv_CC_dependencies_compiler_type=gcc3
am_cv_make_support_nested_variables=yes
am_cv_prog_cc_c_o=yes
lt_cv_ar_at_file=@
lt_cv_archive_cmds_need_lc=no
lt_cv_deplibs_check_method=pass_all
lt_cv_file_magic_cmd='$MAGIC_CMD'
lt_cv_file_magic_test_file=
lt_cv_ld_reload_flag=-r
lt_cv_nm_interface='BSD nm'
lt_cv_objdir=.libs
lt_cv_path_LD=/usr/bin/ld
lt_cv_path_NM='/usr/bin/nm -B'
lt_cv_path_mainfest_tool=no
lt_cv_prog_compiler_c_o=yes
lt_cv_prog_compiler_pic='-fPIC -DPIC'
lt_cv_prog_compiler_pic_works=yes
lt_cv_prog_compiler_rtti_exceptions=no
lt_cv_prog_compiler_static_works=yes
lt_cv_prog_gnu_ld=yes
lt_cv_sharedlib_from_linklib_cmd='printf %s\n'
lt_cv_shlibpath_overrides_runpath=no
lt_cv_sys_global_symbol_pipe='sed -n -e '\''s/^.*[	 ]\([ABCDGIRSTW][ABCDGIRSTW]*\)[	 ][	 ]*\([_A-Za-z][_A-Za-z0-9]*\)$/\1 \2 \2/p'\'' | sed '\''/ __gnu_lto/d'\'''
lt_cv_sys_global_symbol_to_c_name_address='sed -n -e '\''s/^: \([^ ]*\)[ ]*$/  {\"\1\", (void *) 0},/p'\'' -e '\''s/^[ABCDGIRSTW]* \([^ ]*\) \([^ ]*\)$/  {"\2", (void *) \&\2},/p'\'''
lt_cv_sys_global_symbol_to_c_name_address_lib_prefix='sed -n -e '\''s/^: \([^ ]*\)[ ]*$/  {\"\1\", (void *) 0},/p'\'' -e '\''s/^[ABCDGIRSTW]* \([^ ]*\) \(lib[^ ]*\)$/  {"\2", (void *) \&\2},/p'\'' -e '\''s/^[ABCDGIRSTW]* \([^ ]*\) \([^ ]*\)$/  {"lib\2", (void *) \&\2},/p'\'''
lt_cv_sys_global_symbol_to_cdecl='sed -n -e '\''s/^T .* \(.*\)$/extern int \1();/p'\'' -e '\''s/^[ABCDGIRSTW]* .* \(.*\)$/extern char \1;/p'\'''
lt_cv_sys_max_cmd_len=1572864
lt_cv_to_host_file_cmd=func_convert_file_noop
lt_cv_to_tool_file_cmd=func_convert_file_noop
pkg_cv_JSONC_CFLAGS='-I/usr/include/json-c  '
pkg_cv_JSONC_LIBS='-ljson-c  '
pkg_cv_LIBSSH2_CFLAGS=' '
pkg_cv_LIBSSH2_LIBS='-Wl,-Bsymbolic-functions -Wl,-z,relro -lssh2 -lgcrypt  '
pkg_cv_OPENSSL_CFLAGS=' '
pkg_cv_OPENSSL_LIBS='-lssl -lcrypto  '

## ----------------- ##
## Output variables. ##
## ----------------- ##

ACLOCAL='aclocal-1.14'
ALLOCA=''
AMDEPBACKSLASH='\'
AMDEP_FALSE='#'
AMDEP_TRUE=''
AMTAR='$${TAR-tar}'
AM_BACKSLASH='\'
AM_DEFAULT_V='$(AM_DEFAULT_VERBOSITY)'
AM_DEFAULT_VERBOSITY='1'
AM_V='$(V)'
AR='ar'
AUTOCONF='autoconf'
AUTOHEADER='autoheader'
AUTOMAKE='automake-1.14'
AWK='gawk'
BUILD_REVISION='0'
CC='gcc'
CCDEPMODE='depmode=gcc3'
CFLAGS='-g -O2     -I/usr/include/json-c  '
CPP='gcc -E'
CPPFLAGS=''
CYGPATH_W='echo'
DEFS='-DHAVE_CONFIG_H'
DEPDIR='.deps'
DISABLE_DEPRECATED=''
DLLTOOL='false'
DSYMUTIL=''
DUMPBIN=''
ECHO_C=''
ECHO_N='-n'
ECHO_T=''
EGREP='/bin/grep -E'
EXEEXT=''
FGREP='/bin/grep -F'
GLIB_CFLAGS='-pthread -I/usr/include/glib-2.0 -I/usr/lib/x86_64-linux-gnu/glib-2.0/include  '
GLIB_COMPILE_RESOURCES='/usr/lib/x86_64-linux-gnu/glib-2.0/glib-compile-resources'
GLIB_GENMARSHAL='glib-genmarshal'
GLIB_LIBS='-pthread -lgthread-2.0 -lgobject-2.0 -lglib-2.0  '
GLIB_MKENUMS='glib-mkenums'
GOBJECT_QUERY='gobject-query'
GREP='/bin/grep'
GTK3_CFLAGS=''
GTK3_LIBS=''
GTKMAC_CFLAGS=''
GTKMAC_LIBS=''
GTK_CFLAGS='-pthread -I/usr/include/gtk-2.0 -I/usr/lib/x86_64-linux-gnu/gtk-2.0/include -I/usr/include/atk-1.0 -I/usr/include/cairo -I/usr/include/gdk-pixbuf-2.0 -I/usr/include/pango-1.0 -I/usr/include/gio-unix-2.0/ -I/usr/include/freetype2 -I/usr/include/glib-2.0 -I/usr/lib/x86_64-linux-gnu/glib-2.0/include -I/usr/include/pixman-1 -I/usr/include/libpng12 -I/usr/include/harfbuzz  '
GTK_LIBS='-pthread -lgtk-x11-2.0 -lgdk-x11-2.0 -latk-1.0 -lgio-2.0 -lpangoft2-1.0 -lpangocairo-1.0 -lgdk_pixbuf-2.0 -lcairo -lpango-1.0 -lfontconfig -lgobject-2.0 -lfreetype -lgthread-2.0 -lglib-2.0  '
HAVE_SYS_UN_H_FALSE='#'
HAVE_SYS_UN_H_TRUE=''
HAVE_WINDRES_FALSE=''
HAVE_WINDRES_TRUE='#'
INSTALL_DATA='${INSTALL} -m 644'
INSTALL_PROGRAM='${INSTALL}'
INSTALL_SCRIPT='${INSTALL}'
INSTALL_STRIP_PROGRAM='$(install_sh) -c -s'
JSONC_CFLAGS='-I/usr/include/json-c  '
JSONC_LIBS='-ljson-c  '
LD='/usr/bin/ld -m elf_x86_64'
LDFLAGS=''
LIBOBJS=''
LIBS='-lm  -lssl -lcrypto   -Wl,-Bsymbolic-functions -Wl,-z,relro -lssh2 -lgcrypt   -ljson-c  '
LIBSSH2_CFLAGS=' '
LIBSSH2_LIBS='-Wl,-Bsymbolic-functions -Wl,-z,relro -lssh2 -lgcrypt  '
LIBTOOL='$(SHELL) $(top_builddir)/libtool'
LIPO=''
LN_S='ln -s'
LTLIBOBJS=''
MAJOR_VERSION='3'
MAKEINFO='makeinfo'
MANIFEST_TOOL=':'
MICRO_VERSION='1'
MINOR_VERSION='5'
MKDIR_P='/bin/mkdir -p'
NM='/usr/bin/nm -B'
NMEDIT=''
OBJDUMP='objdump'
OBJEXT='o'
OPENSSL_CFLAGS=' '
OPENSSL_LIBS='-lssl -lcrypto  '
OTOOL64=''
OTOOL=''
PACKAGE='hoe'
PACKAGE_BUGREPORT=''
PACKAGE_NAME=''
PACKAGE_STRING=''
PACKAGE_TARNAME=''
PACKAGE_URL=''
PACKAGE_VERSION=''
PATH_SEPARATOR=':'
PKG_CONFIG='/usr/bin/pkg-config'
PKG_CONFIG_LIBDIR=''
PKG_CONFIG_PATH=''
RANLIB='ranlib'
SED='/bin/sed'
SET_MAKE=''
SHELL='/bin/bash'
STRIP='strip'
VERSION='3.5.1'
WINDRES=''
WINMM_LIBS=''
WINSOCK_LIBS=''
XML2_CONFIG='/home/taji/anaconda2/bin/xml2-config'
XML_CPPFLAGS='-I/home/taji/anaconda2/include/libxml2'
XML_LIBS='-L/home/taji/anaconda2/lib -lxml2 -lz -lm -ldl'
ac_ct_AR='ar'
ac_ct_CC='gcc'
ac_ct_DUMPBIN=''
am__EXEEXT_FALSE=''
am__EXEEXT_TRUE='#'
am__fastdepCC_FALSE='#'
am__fastdepCC_TRUE=''
am__include='include'
am__isrc=''
am__leading_dot='.'
am__nodep='_no'
am__quote=''
am__tar='$${TAR-tar} chof - "$$tardir"'
am__untar='$${TAR-tar} xf -'
bindir='${exec_prefix}/bin'
build='x86_64-unknown-linux-gnu'
build_alias=''
build_cpu='x86_64'
build_os='linux-gnu'
build_vendor='unknown'
datadir='${datarootdir}'
datarootdir='${prefix}/share'
docdir='${datarootdir}/doc/${PACKAGE}'
dvidir='${docdir}'
exec_prefix='${prefix}'
host='x86_64-unknown-linux-gnu'
host_alias=''
host_cpu='x86_64'
host_os='linux-gnu'
host_vendor='unknown'
htmldir='${docdir}'
includedir='${prefix}/include'
infodir='${datarootdir}/info'
install_sh='${SHELL} /home/taji/tmp/hoe/install-sh'
libdir='${exec_prefix}/lib'
libexecdir='${exec_prefix}/libexec'
localedir='${prefix}/${DATADIRNAME}/locale'
localstatedir='${prefix}/var'
mandir='${datarootdir}/man'
mkdir_p='$(MKDIR_P)'
oldincludedir='/usr/include'
pdfdir='${docdir}'
prefix='/usr/local'
program_transform_name='s,x,x,'
psdir='${docdir}'
sbindir='${exec_prefix}/sbin'
sharedstatedir='${prefix}/com'
sysconfdir='${prefix}/etc'
target='x86_64-unknown-linux-gnu'
target_alias=''
target_cpu='x86_64'
target_os='linux-gnu'
target_vendor='unknown'

## ----------- ##
## confdefs.h. ##
## ----------- ##

/* confdefs.h */
#define PACKAGE_NAME ""
#define PACKAGE_TARNAME ""
#define PACKAGE_VERSION ""
#define PACKAGE_STRING ""
#define PACKAGE_BUGREPORT ""
#define PACKAGE_URL ""
#define STDC_HEADERS 1
#define HAVE_SYS_TYPES_H 1
#define HAVE_SYS_STAT_H 1
#define HAVE_STDLIB_H 1
#define HAVE_STRING_H 1
#define HAVE_MEMORY_H 1
#define HAVE_STRINGS_H 1
#define HAVE_INTTYPES_H 1
#define HAVE_STDINT_H 1
#define HAVE_UNISTD_H 1
#define HAVE_DLFCN_H 1
#define LT_OBJDIR ".libs/"
#define HAVE_ALLOCA_H 1
#define HAVE_ALLOCA 1
#define HAVE_DIRENT_H 1
#define STDC_HEADERS 1
#define HAVE_SYS_WAIT_H 1
#define HAVE_PWD_H 1
#define HAVE_SYS_UTSNAME_H 1
#define HAVE_ERRNO_H 1
#define HAVE_FCNTL_H 1
#define HAVE_STDIO_H 1
#define HAVE_STDLIB_H 1
#define HAVE_UNISTD_H 1
#define HAVE_SYS_UIO_H 1
#define HAVE_SYS_SELECT_H 1
#define HAVE_SYS_SOCKET_H 1
#define HAVE_SYS_IOCTL_H 1
#define HAVE_SYS_TIME_H 1
#define HAVE_ARPA_INET_H 1
#define HAVE_NETINET_IN_H 1
#define HAVE_SYS_UN_H 1
#define USE_GTK2 /**/
#define USE_SSL 1

configure: exit 0
